<?xml version="1.0" encoding="UTF-8"?>
<!-- Generated by org.testng.reporters.JUnitReportReporter -->
<testsuite hostname="DESKTOP-0KA7J7A" name="demo.TestClass2" tests="4" failures="0" timestamp="27 Jun 2021 19:48:57 GMT" time="7.001" errors="0">
  <testcase name="B3" time="0.003" classname="demo.TestClass2"/>
  <testcase name="B1" time="6.993" classname="demo.TestClass2"/>
  <testcase name="B2" time="0.002" classname="demo.TestClass2"/>
  <testcase name="B4" time="0.003" classname="demo.TestClass2"/>
</testsuite> <!-- demo.TestClass2 -->
