<?xml version="1.0" encoding="UTF-8"?>
<!-- Generated by org.testng.reporters.JUnitReportReporter -->
<testsuite hostname="DESKTOP-0KA7J7A" name="demo.TestClass2" tests="4" failures="0" timestamp="28 Jun 2021 14:56:36 GMT" time="16.694" errors="0">
  <testcase name="B2" time="0.000" classname="demo.TestClass2"/>
  <testcase name="B1" time="16.680" classname="demo.TestClass2"/>
  <testcase name="B3" time="0.014" classname="demo.TestClass2"/>
  <testcase name="B4" time="0.000" classname="demo.TestClass2"/>
</testsuite> <!-- demo.TestClass2 -->
