<?xml version="1.0" encoding="UTF-8"?>
<!-- Generated by org.testng.reporters.JUnitReportReporter -->
<testsuite hostname="DESKTOP-0KA7J7A" name="demo.TestCLass" tests="4" failures="0" timestamp="28 Jun 2021 14:56:36 GMT" time="7.080" errors="0">
  <testcase name="A4" time="0.000" classname="demo.TestCLass"/>
  <testcase name="A1" time="7.078" classname="demo.TestCLass"/>
  <testcase name="A2" time="0.001" classname="demo.TestCLass"/>
  <testcase name="A3" time="0.001" classname="demo.TestCLass"/>
</testsuite> <!-- demo.TestCLass -->
